2019-01-18 17:31:59,905 [main] INFO  com.org.Chapter1Application 50 - Starting Chapter1Application on PC-20180306KUXE with PID 30980 (D:\MyIdeaProject\chapter1\target\classes started by Administrator in D:\MyIdeaProject\chapter1)
2019-01-18 17:31:59,908 [main] INFO  com.org.Chapter1Application 654 - No active profile set, falling back to default profiles: default
2019-01-18 17:31:59,935 [main] INFO  o.s.b.w.s.c.AnnotationConfigServletWebServerApplicationContext 588 - Refreshing org.springframework.boot.web.servlet.context.AnnotationConfigServletWebServerApplicationContext@3e10dc6: startup date [Fri Jan 18 17:31:59 CST 2019]; root of context hierarchy
2019-01-18 17:32:00,375 [main] INFO  o.s.b.f.s.DefaultListableBeanFactory 821 - Overriding bean definition for bean 'loginRealm' with a different definition: replacing [Generic bean: class [com.org.security.LoginRealm]; scope=singleton; abstract=false; lazyInit=false; autowireMode=0; dependencyCheck=0; autowireCandidate=true; primary=false; factoryBeanName=null; factoryMethodName=null; initMethodName=null; destroyMethodName=null; defined in file [D:\MyIdeaProject\chapter1\target\classes\com\org\security\LoginRealm.class]] with [Root bean: class [null]; scope=; abstract=false; lazyInit=false; autowireMode=3; dependencyCheck=0; autowireCandidate=true; primary=false; factoryBeanName=shiroConfig; factoryMethodName=getLoginRealm; initMethodName=null; destroyMethodName=(inferred); defined in class path resource [com/org/config/ShiroConfig.class]]
2019-01-18 17:32:00,688 [main] INFO  o.s.c.s.PostProcessorRegistrationDelegate$BeanPostProcessorChecker 326 - Bean 'shiroConfig' of type [com.org.config.ShiroConfig$$EnhancerBySpringCGLIB$$85f1189] is not eligible for getting processed by all BeanPostProcessors (for example: not eligible for auto-proxying)
2019-01-18 17:32:00,737 [main] INFO  o.s.c.s.PostProcessorRegistrationDelegate$BeanPostProcessorChecker 326 - Bean 'getRetryLimitCredentialsMatcher' of type [com.org.security.RetryLimitCredentialsMatcher] is not eligible for getting processed by all BeanPostProcessors (for example: not eligible for auto-proxying)
2019-01-18 17:32:00,771 [main] INFO  o.s.c.s.PostProcessorRegistrationDelegate$BeanPostProcessorChecker 326 - Bean 'org.springframework.boot.context.properties.ConversionServiceDeducer$Factory' of type [org.springframework.boot.context.properties.ConversionServiceDeducer$Factory] is not eligible for getting processed by all BeanPostProcessors (for example: not eligible for auto-proxying)
2019-01-18 17:32:00,828 [main] INFO  o.s.c.s.PostProcessorRegistrationDelegate$BeanPostProcessorChecker 326 - Bean 'mybatis-plus-com.baomidou.mybatisplus.spring.boot.starter.MybatisPlusProperties' of type [com.baomidou.mybatisplus.spring.boot.starter.MybatisPlusProperties] is not eligible for getting processed by all BeanPostProcessors (for example: not eligible for auto-proxying)
2019-01-18 17:32:00,835 [main] INFO  o.s.c.s.PostProcessorRegistrationDelegate$BeanPostProcessorChecker 326 - Bean 'mybatisPlusConfig' of type [com.org.config.MybatisPlusConfig$$EnhancerBySpringCGLIB$$c81cfe5] is not eligible for getting processed by all BeanPostProcessors (for example: not eligible for auto-proxying)
2019-01-18 17:32:00,844 [main] INFO  o.s.c.s.PostProcessorRegistrationDelegate$BeanPostProcessorChecker 326 - Bean 'paginationInterceptor' of type [com.baomidou.mybatisplus.plugins.PaginationInterceptor] is not eligible for getting processed by all BeanPostProcessors (for example: not eligible for auto-proxying)
2019-01-18 17:32:00,851 [main] INFO  o.s.c.s.PostProcessorRegistrationDelegate$BeanPostProcessorChecker 326 - Bean 'com.baomidou.mybatisplus.spring.boot.starter.MybatisPlusAutoConfiguration' of type [com.baomidou.mybatisplus.spring.boot.starter.MybatisPlusAutoConfiguration$$EnhancerBySpringCGLIB$$2f3858a3] is not eligible for getting processed by all BeanPostProcessors (for example: not eligible for auto-proxying)
2019-01-18 17:32:00,863 [main] INFO  o.s.c.s.PostProcessorRegistrationDelegate$BeanPostProcessorChecker 326 - Bean 'druidConfig' of type [com.org.config.DruidConfig$$EnhancerBySpringCGLIB$$5d0574fa] is not eligible for getting processed by all BeanPostProcessors (for example: not eligible for auto-proxying)
2019-01-18 17:32:00,908 [main] INFO  o.s.c.s.PostProcessorRegistrationDelegate$BeanPostProcessorChecker 326 - Bean 'getDataSource' of type [com.alibaba.druid.pool.DruidDataSource] is not eligible for getting processed by all BeanPostProcessors (for example: not eligible for auto-proxying)
2019-01-18 17:32:01,081 [main] INFO  c.alibaba.druid.pool.DruidDataSource 914 - {dataSource-1} inited
2019-01-18 17:32:01,298 [main] WARN  c.b.m.toolkit.TableInfoHelper 188 - Warn: Could not find @TableId in Class: com.org.entity.RoleMenu.
2019-01-18 17:32:01,298 [main] WARN  c.b.m.mapper.AutoSqlInjector 147 - class com.org.entity.RoleMenu ,Not found @TableId annotation, Cannot use Mybatis-Plus 'xxById' Method.
2019-01-18 17:32:01,329 [main] WARN  c.b.m.toolkit.TableInfoHelper 188 - Warn: Could not find @TableId in Class: com.org.entity.UserRole.
2019-01-18 17:32:01,329 [main] WARN  c.b.m.mapper.AutoSqlInjector 147 - class com.org.entity.UserRole ,Not found @TableId annotation, Cannot use Mybatis-Plus 'xxById' Method.
2019-01-18 17:32:01,341 [main] INFO  o.s.c.s.PostProcessorRegistrationDelegate$BeanPostProcessorChecker 326 - Bean 'sqlSessionFactory' of type [org.apache.ibatis.session.defaults.DefaultSqlSessionFactory] is not eligible for getting processed by all BeanPostProcessors (for example: not eligible for auto-proxying)
2019-01-18 17:32:01,346 [main] INFO  o.s.c.s.PostProcessorRegistrationDelegate$BeanPostProcessorChecker 326 - Bean 'sqlSessionTemplate' of type [org.mybatis.spring.SqlSessionTemplate] is not eligible for getting processed by all BeanPostProcessors (for example: not eligible for auto-proxying)
2019-01-18 17:32:01,347 [main] INFO  o.s.c.s.PostProcessorRegistrationDelegate$BeanPostProcessorChecker 326 - Bean 'userMapper' of type [org.mybatis.spring.mapper.MapperFactoryBean] is not eligible for getting processed by all BeanPostProcessors (for example: not eligible for auto-proxying)
2019-01-18 17:32:01,348 [main] INFO  o.s.c.s.PostProcessorRegistrationDelegate$BeanPostProcessorChecker 326 - Bean 'userMapper' of type [com.sun.proxy.$Proxy64] is not eligible for getting processed by all BeanPostProcessors (for example: not eligible for auto-proxying)
2019-01-18 17:32:01,349 [main] INFO  o.s.c.s.PostProcessorRegistrationDelegate$BeanPostProcessorChecker 326 - Bean 'userServiceImpl' of type [com.org.service.impl.UserServiceImpl] is not eligible for getting processed by all BeanPostProcessors (for example: not eligible for auto-proxying)
2019-01-18 17:32:01,359 [main] INFO  o.s.c.s.PostProcessorRegistrationDelegate$BeanPostProcessorChecker 326 - Bean 'menuMapper' of type [org.mybatis.spring.mapper.MapperFactoryBean] is not eligible for getting processed by all BeanPostProcessors (for example: not eligible for auto-proxying)
2019-01-18 17:32:01,360 [main] INFO  o.s.c.s.PostProcessorRegistrationDelegate$BeanPostProcessorChecker 326 - Bean 'menuMapper' of type [com.sun.proxy.$Proxy65] is not eligible for getting processed by all BeanPostProcessors (for example: not eligible for auto-proxying)
2019-01-18 17:32:01,361 [main] INFO  o.s.c.s.PostProcessorRegistrationDelegate$BeanPostProcessorChecker 326 - Bean 'menuServiceImpl' of type [com.org.service.impl.MenuServiceImpl] is not eligible for getting processed by all BeanPostProcessors (for example: not eligible for auto-proxying)
2019-01-18 17:32:01,361 [main] INFO  o.s.c.s.PostProcessorRegistrationDelegate$BeanPostProcessorChecker 326 - Bean 'loginRealm' of type [com.org.security.LoginRealm] is not eligible for getting processed by all BeanPostProcessors (for example: not eligible for auto-proxying)
2019-01-18 17:32:01,602 [main] INFO  o.s.c.s.PostProcessorRegistrationDelegate$BeanPostProcessorChecker 326 - Bean 'getCacheManager' of type [org.apache.shiro.cache.ehcache.EhCacheManager] is not eligible for getting processed by all BeanPostProcessors (for example: not eligible for auto-proxying)
2019-01-18 17:32:01,603 [main] INFO  o.a.s.cache.ehcache.EhCacheManager 158 - Cache with name 'com.org.security.LoginRealm.authorizationCache' does not yet exist.  Creating now.
2019-01-18 17:32:01,618 [main] INFO  o.a.s.cache.ehcache.EhCacheManager 165 - Added EhCache named [com.org.security.LoginRealm.authorizationCache]
2019-01-18 17:32:01,628 [main] INFO  o.s.c.s.PostProcessorRegistrationDelegate$BeanPostProcessorChecker 326 - Bean 'defaultWebSessionManager' of type [org.apache.shiro.web.session.mgt.DefaultWebSessionManager] is not eligible for getting processed by all BeanPostProcessors (for example: not eligible for auto-proxying)
2019-01-18 17:32:01,637 [main] INFO  o.s.c.s.PostProcessorRegistrationDelegate$BeanPostProcessorChecker 326 - Bean 'securityManager' of type [org.apache.shiro.web.mgt.DefaultWebSecurityManager] is not eligible for getting processed by all BeanPostProcessors (for example: not eligible for auto-proxying)
2019-01-18 17:32:01,645 [main] INFO  o.s.c.s.PostProcessorRegistrationDelegate$BeanPostProcessorChecker 326 - Bean 'getPermissionFilter' of type [com.org.filter.PermissionFilter] is not eligible for getting processed by all BeanPostProcessors (for example: not eligible for auto-proxying)
2019-01-18 17:32:01,650 [main] INFO  o.s.c.s.PostProcessorRegistrationDelegate$BeanPostProcessorChecker 326 - Bean 'getVerfityCodeFilter' of type [com.org.filter.VerfityCodeFilter] is not eligible for getting processed by all BeanPostProcessors (for example: not eligible for auto-proxying)
2019-01-18 17:32:01,681 [main] INFO  o.s.c.s.PostProcessorRegistrationDelegate$BeanPostProcessorChecker 326 - Bean 'org.springframework.transaction.annotation.ProxyTransactionManagementConfiguration' of type [org.springframework.transaction.annotation.ProxyTransactionManagementConfiguration$$EnhancerBySpringCGLIB$$e198ba46] is not eligible for getting processed by all BeanPostProcessors (for example: not eligible for auto-proxying)
2019-01-18 17:32:01,694 [main] INFO  o.s.c.s.PostProcessorRegistrationDelegate$BeanPostProcessorChecker 326 - Bean 'getAuthorizationAttributeSourceAdvisor' of type [org.apache.shiro.spring.security.interceptor.AuthorizationAttributeSourceAdvisor] is not eligible for getting processed by all BeanPostProcessors (for example: not eligible for auto-proxying)
2019-01-18 17:32:02,032 [main] INFO  o.s.b.w.e.tomcat.TomcatWebServer 91 - Tomcat initialized with port(s): 80 (http)
2019-01-18 17:32:02,041 [main] INFO  o.a.coyote.http11.Http11NioProtocol 180 - Initializing ProtocolHandler ["http-nio-80"]
2019-01-18 17:32:02,049 [main] INFO  o.a.catalina.core.StandardService 180 - Starting service [Tomcat]
2019-01-18 17:32:02,049 [main] INFO  o.a.catalina.core.StandardEngine 180 - Starting Servlet Engine: Apache Tomcat/8.5.34
2019-01-18 17:32:02,052 [localhost-startStop-1] INFO  o.a.c.core.AprLifecycleListener 180 - The APR based Apache Tomcat Native library which allows optimal performance in production environments was not found on the java.library.path: [D:\Java\jdk1.8.0_152\bin;C:\Windows\Sun\Java\bin;C:\Windows\system32;C:\Windows;C:\ProgramData\Oracle\Java\javapath;C:\Windows\system32;C:\Windows;C:\Windows\System32\Wbem;C:\Windows\System32\WindowsPowerShell\v1.0\;D:\Java\jdk1.8.0_152\bin;D:\apache-maven-3.5.4\bin;D:\TortoiseGit\bin;D:\MySQL\MySQL Server 5.1\bin;D:\Java\jre1.8.0_152\bin;D:\apache-maven-3.5.4\bin;D:\Java\jdk1.8.0_152\bin;D:\Java\jdk1.8.0_152\jre\bin;D:\nodejs\;D:\gradle-4.4\bin;C:\Users\Administrator\AppData\Roaming\npm;C:\Users\Administrator\AppData\Local\GitHubDesktop\bin;.]
2019-01-18 17:32:02,130 [localhost-startStop-1] INFO  o.a.c.c.C.[Tomcat].[localhost].[/] 180 - Initializing Spring embedded WebApplicationContext
2019-01-18 17:32:02,131 [localhost-startStop-1] INFO  o.s.web.context.ContextLoader 285 - Root WebApplicationContext: initialization completed in 2196 ms
2019-01-18 17:32:02,223 [localhost-startStop-1] INFO  o.s.b.w.s.FilterRegistrationBean 245 - Mapping filter: 'characterEncodingFilter' to: [/*]
2019-01-18 17:32:02,223 [localhost-startStop-1] INFO  o.s.b.w.s.FilterRegistrationBean 245 - Mapping filter: 'hiddenHttpMethodFilter' to: [/*]
2019-01-18 17:32:02,224 [localhost-startStop-1] INFO  o.s.b.w.s.FilterRegistrationBean 245 - Mapping filter: 'httpPutFormContentFilter' to: [/*]
2019-01-18 17:32:02,224 [localhost-startStop-1] INFO  o.s.b.w.s.FilterRegistrationBean 245 - Mapping filter: 'requestContextFilter' to: [/*]
2019-01-18 17:32:02,224 [localhost-startStop-1] INFO  o.s.b.w.s.FilterRegistrationBean 258 - Mapping filter: 'delegatingFilterProxy' to urls: [/*]
2019-01-18 17:32:02,224 [localhost-startStop-1] INFO  o.s.b.w.s.FilterRegistrationBean 245 - Mapping filter: 'shiroFilter' to: [/*]
2019-01-18 17:32:02,224 [localhost-startStop-1] INFO  o.s.b.w.s.FilterRegistrationBean 245 - Mapping filter: 'getPermissionFilter' to: [/*]
2019-01-18 17:32:02,224 [localhost-startStop-1] INFO  o.s.b.w.s.FilterRegistrationBean 245 - Mapping filter: 'getVerfityCodeFilter' to: [/*]
2019-01-18 17:32:02,224 [localhost-startStop-1] INFO  o.s.b.w.s.ServletRegistrationBean 187 - Servlet statViewServlet mapped to [/druid/*]
2019-01-18 17:32:02,225 [localhost-startStop-1] INFO  o.s.b.w.s.ServletRegistrationBean 187 - Servlet dispatcherServlet mapped to [/]
2019-01-18 17:32:02,635 [main] INFO  o.s.w.s.m.m.a.RequestMappingHandlerMapping 549 - Mapped "{[/swagger-resources]}" onto public org.springframework.http.ResponseEntity<java.util.List<springfox.documentation.swagger.web.SwaggerResource>> springfox.documentation.swagger.web.ApiResourceController.swaggerResources()
2019-01-18 17:32:02,637 [main] INFO  o.s.w.s.m.m.a.RequestMappingHandlerMapping 549 - Mapped "{[/swagger-resources/configuration/ui]}" onto public org.springframework.http.ResponseEntity<springfox.documentation.swagger.web.UiConfiguration> springfox.documentation.swagger.web.ApiResourceController.uiConfiguration()
2019-01-18 17:32:02,637 [main] INFO  o.s.w.s.m.m.a.RequestMappingHandlerMapping 549 - Mapped "{[/swagger-resources/configuration/security]}" onto public org.springframework.http.ResponseEntity<springfox.documentation.swagger.web.SecurityConfiguration> springfox.documentation.swagger.web.ApiResourceController.securityConfiguration()
2019-01-18 17:32:02,641 [main] INFO  o.s.w.s.m.m.a.RequestMappingHandlerMapping 549 - Mapped "{[/error]}" onto public org.springframework.http.ResponseEntity<java.util.Map<java.lang.String, java.lang.Object>> org.springframework.boot.autoconfigure.web.servlet.error.BasicErrorController.error(javax.servlet.http.HttpServletRequest)
2019-01-18 17:32:02,641 [main] INFO  o.s.w.s.m.m.a.RequestMappingHandlerMapping 549 - Mapped "{[/error],produces=[text/html]}" onto public org.springframework.web.servlet.ModelAndView org.springframework.boot.autoconfigure.web.servlet.error.BasicErrorController.errorHtml(javax.servlet.http.HttpServletRequest,javax.servlet.http.HttpServletResponse)
2019-01-18 17:32:02,787 [main] INFO  s.d.s.w.PropertySourcedRequestMappingHandlerMapping 69 - Mapped URL path [/v2/api-docs] onto method [public org.springframework.http.ResponseEntity<springfox.documentation.spring.web.json.Json> springfox.documentation.swagger2.web.Swagger2Controller.getDocumentation(java.lang.String,javax.servlet.http.HttpServletRequest)]
2019-01-18 17:32:02,796 [main] INFO  com.org.config.Swagger2Config 49 - 加载Swagger2
2019-01-18 17:32:02,895 [main] INFO  o.s.w.s.h.SimpleUrlHandlerMapping 373 - Mapped URL path [/**/favicon.ico] onto handler of type [class org.springframework.web.servlet.resource.ResourceHttpRequestHandler]
2019-01-18 17:32:03,055 [main] INFO  o.s.w.s.m.m.a.RequestMappingHandlerAdapter 588 - Looking for @ControllerAdvice: org.springframework.boot.web.servlet.context.AnnotationConfigServletWebServerApplicationContext@3e10dc6: startup date [Fri Jan 18 17:31:59 CST 2019]; root of context hierarchy
2019-01-18 17:32:03,104 [main] INFO  o.s.w.s.h.SimpleUrlHandlerMapping 373 - Mapped URL path [/webjars/**] onto handler of type [class org.springframework.web.servlet.resource.ResourceHttpRequestHandler]
2019-01-18 17:32:03,104 [main] INFO  o.s.w.s.h.SimpleUrlHandlerMapping 373 - Mapped URL path [/static/**] onto handler of type [class org.springframework.web.servlet.resource.ResourceHttpRequestHandler]
2019-01-18 17:32:03,300 [main] INFO  o.s.u.f.SpringTemplateLoader 62 - SpringTemplateLoader for FreeMarker: using resource loader [org.springframework.boot.web.servlet.context.AnnotationConfigServletWebServerApplicationContext@3e10dc6: startup date [Fri Jan 18 17:31:59 CST 2019]; root of context hierarchy] and template loader path [classpath:/templates/]
2019-01-18 17:32:03,301 [main] INFO  o.s.w.s.v.f.FreeMarkerConfigurer 131 - ClassTemplateLoader for Spring macros added to FreeMarker configuration
2019-01-18 17:32:03,491 [main] INFO  o.s.j.e.a.AnnotationMBeanExporter 433 - Registering beans for JMX exposure on startup
2019-01-18 17:32:03,491 [main] INFO  o.s.j.e.a.AnnotationMBeanExporter 895 - Bean with name 'getDataSource' has been autodetected for JMX exposure
2019-01-18 17:32:03,498 [main] INFO  o.s.j.e.a.AnnotationMBeanExporter 668 - Located MBean 'getDataSource': registering with JMX server as MBean [com.alibaba.druid.pool:name=getDataSource,type=DruidDataSource]
2019-01-18 17:32:03,503 [main] INFO  o.s.c.s.DefaultLifecycleProcessor 356 - Starting beans in phase 2147483647
2019-01-18 17:32:03,503 [main] INFO  s.d.s.w.p.DocumentationPluginsBootstrapper 151 - Context refreshed
2019-01-18 17:32:03,517 [main] INFO  s.d.s.w.p.DocumentationPluginsBootstrapper 154 - Found 1 custom documentation plugin(s)
2019-01-18 17:32:03,542 [main] INFO  s.d.s.w.s.ApiListingReferenceScanner 41 - Scanning for api listing references
2019-01-18 17:32:03,555 [main] INFO  o.a.coyote.http11.Http11NioProtocol 180 - Starting ProtocolHandler ["http-nio-80"]
2019-01-18 17:32:03,562 [main] INFO  o.a.tomcat.util.net.NioSelectorPool 180 - Using a shared selector for servlet write/read
2019-01-18 17:32:03,574 [main] INFO  o.s.b.w.e.tomcat.TomcatWebServer 206 - Tomcat started on port(s): 80 (http) with context path ''
2019-01-18 17:32:03,578 [main] INFO  com.org.Chapter1Application 59 - Started Chapter1Application in 4.325 seconds (JVM running for 4.895)
2019-01-18 17:48:41,858 [main] INFO  com.org.Chapter1Application 50 - Starting Chapter1Application on PC-20180306KUXE with PID 37664 (D:\MyIdeaProject\chapter1\target\classes started by Administrator in D:\MyIdeaProject\chapter1)
2019-01-18 17:48:41,861 [main] INFO  com.org.Chapter1Application 654 - No active profile set, falling back to default profiles: default
2019-01-18 17:48:41,939 [main] INFO  o.s.b.w.s.c.AnnotationConfigServletWebServerApplicationContext 588 - Refreshing org.springframework.boot.web.servlet.context.AnnotationConfigServletWebServerApplicationContext@6b98a075: startup date [Fri Jan 18 17:48:41 CST 2019]; root of context hierarchy
2019-01-18 17:48:42,411 [main] INFO  o.s.b.f.s.DefaultListableBeanFactory 821 - Overriding bean definition for bean 'loginRealm' with a different definition: replacing [Generic bean: class [com.org.security.LoginRealm]; scope=singleton; abstract=false; lazyInit=false; autowireMode=0; dependencyCheck=0; autowireCandidate=true; primary=false; factoryBeanName=null; factoryMethodName=null; initMethodName=null; destroyMethodName=null; defined in file [D:\MyIdeaProject\chapter1\target\classes\com\org\security\LoginRealm.class]] with [Root bean: class [null]; scope=; abstract=false; lazyInit=false; autowireMode=3; dependencyCheck=0; autowireCandidate=true; primary=false; factoryBeanName=shiroConfig; factoryMethodName=getLoginRealm; initMethodName=null; destroyMethodName=(inferred); defined in class path resource [com/org/config/ShiroConfig.class]]
2019-01-18 17:48:42,708 [main] INFO  o.s.c.s.PostProcessorRegistrationDelegate$BeanPostProcessorChecker 326 - Bean 'shiroConfig' of type [com.org.config.ShiroConfig$$EnhancerBySpringCGLIB$$5b8fd0f3] is not eligible for getting processed by all BeanPostProcessors (for example: not eligible for auto-proxying)
2019-01-18 17:48:42,760 [main] INFO  o.s.c.s.PostProcessorRegistrationDelegate$BeanPostProcessorChecker 326 - Bean 'getRetryLimitCredentialsMatcher' of type [com.org.security.RetryLimitCredentialsMatcher] is not eligible for getting processed by all BeanPostProcessors (for example: not eligible for auto-proxying)
2019-01-18 17:48:42,799 [main] INFO  o.s.c.s.PostProcessorRegistrationDelegate$BeanPostProcessorChecker 326 - Bean 'org.springframework.boot.context.properties.ConversionServiceDeducer$Factory' of type [org.springframework.boot.context.properties.ConversionServiceDeducer$Factory] is not eligible for getting processed by all BeanPostProcessors (for example: not eligible for auto-proxying)
2019-01-18 17:48:42,860 [main] INFO  o.s.c.s.PostProcessorRegistrationDelegate$BeanPostProcessorChecker 326 - Bean 'mybatis-plus-com.baomidou.mybatisplus.spring.boot.starter.MybatisPlusProperties' of type [com.baomidou.mybatisplus.spring.boot.starter.MybatisPlusProperties] is not eligible for getting processed by all BeanPostProcessors (for example: not eligible for auto-proxying)
2019-01-18 17:48:42,866 [main] INFO  o.s.c.s.PostProcessorRegistrationDelegate$BeanPostProcessorChecker 326 - Bean 'mybatisPlusConfig' of type [com.org.config.MybatisPlusConfig$$EnhancerBySpringCGLIB$$5fb28f4f] is not eligible for getting processed by all BeanPostProcessors (for example: not eligible for auto-proxying)
2019-01-18 17:48:42,877 [main] INFO  o.s.c.s.PostProcessorRegistrationDelegate$BeanPostProcessorChecker 326 - Bean 'paginationInterceptor' of type [com.baomidou.mybatisplus.plugins.PaginationInterceptor] is not eligible for getting processed by all BeanPostProcessors (for example: not eligible for auto-proxying)
2019-01-18 17:48:42,884 [main] INFO  o.s.c.s.PostProcessorRegistrationDelegate$BeanPostProcessorChecker 326 - Bean 'com.baomidou.mybatisplus.spring.boot.starter.MybatisPlusAutoConfiguration' of type [com.baomidou.mybatisplus.spring.boot.starter.MybatisPlusAutoConfiguration$$EnhancerBySpringCGLIB$$8269180d] is not eligible for getting processed by all BeanPostProcessors (for example: not eligible for auto-proxying)
2019-01-18 17:48:42,890 [main] INFO  o.s.c.s.PostProcessorRegistrationDelegate$BeanPostProcessorChecker 326 - Bean 'druidConfig' of type [com.org.config.DruidConfig$$EnhancerBySpringCGLIB$$b0363464] is not eligible for getting processed by all BeanPostProcessors (for example: not eligible for auto-proxying)
2019-01-18 17:48:42,935 [main] INFO  o.s.c.s.PostProcessorRegistrationDelegate$BeanPostProcessorChecker 326 - Bean 'getDataSource' of type [com.alibaba.druid.pool.DruidDataSource] is not eligible for getting processed by all BeanPostProcessors (for example: not eligible for auto-proxying)
2019-01-18 17:48:43,123 [main] INFO  c.alibaba.druid.pool.DruidDataSource 914 - {dataSource-1} inited
2019-01-18 17:48:43,348 [main] WARN  c.b.m.toolkit.TableInfoHelper 188 - Warn: Could not find @TableId in Class: com.org.entity.RoleMenu.
2019-01-18 17:48:43,350 [main] WARN  c.b.m.mapper.AutoSqlInjector 147 - class com.org.entity.RoleMenu ,Not found @TableId annotation, Cannot use Mybatis-Plus 'xxById' Method.
2019-01-18 17:48:43,384 [main] WARN  c.b.m.toolkit.TableInfoHelper 188 - Warn: Could not find @TableId in Class: com.org.entity.UserRole.
2019-01-18 17:48:43,384 [main] WARN  c.b.m.mapper.AutoSqlInjector 147 - class com.org.entity.UserRole ,Not found @TableId annotation, Cannot use Mybatis-Plus 'xxById' Method.
2019-01-18 17:48:43,395 [main] INFO  o.s.c.s.PostProcessorRegistrationDelegate$BeanPostProcessorChecker 326 - Bean 'sqlSessionFactory' of type [org.apache.ibatis.session.defaults.DefaultSqlSessionFactory] is not eligible for getting processed by all BeanPostProcessors (for example: not eligible for auto-proxying)
2019-01-18 17:48:43,401 [main] INFO  o.s.c.s.PostProcessorRegistrationDelegate$BeanPostProcessorChecker 326 - Bean 'sqlSessionTemplate' of type [org.mybatis.spring.SqlSessionTemplate] is not eligible for getting processed by all BeanPostProcessors (for example: not eligible for auto-proxying)
2019-01-18 17:48:43,402 [main] INFO  o.s.c.s.PostProcessorRegistrationDelegate$BeanPostProcessorChecker 326 - Bean 'userMapper' of type [org.mybatis.spring.mapper.MapperFactoryBean] is not eligible for getting processed by all BeanPostProcessors (for example: not eligible for auto-proxying)
2019-01-18 17:48:43,403 [main] INFO  o.s.c.s.PostProcessorRegistrationDelegate$BeanPostProcessorChecker 326 - Bean 'userMapper' of type [com.sun.proxy.$Proxy70] is not eligible for getting processed by all BeanPostProcessors (for example: not eligible for auto-proxying)
2019-01-18 17:48:43,404 [main] INFO  o.s.c.s.PostProcessorRegistrationDelegate$BeanPostProcessorChecker 326 - Bean 'userServiceImpl' of type [com.org.service.impl.UserServiceImpl] is not eligible for getting processed by all BeanPostProcessors (for example: not eligible for auto-proxying)
2019-01-18 17:48:43,416 [main] INFO  o.s.c.s.PostProcessorRegistrationDelegate$BeanPostProcessorChecker 326 - Bean 'menuMapper' of type [org.mybatis.spring.mapper.MapperFactoryBean] is not eligible for getting processed by all BeanPostProcessors (for example: not eligible for auto-proxying)
2019-01-18 17:48:43,417 [main] INFO  o.s.c.s.PostProcessorRegistrationDelegate$BeanPostProcessorChecker 326 - Bean 'menuMapper' of type [com.sun.proxy.$Proxy71] is not eligible for getting processed by all BeanPostProcessors (for example: not eligible for auto-proxying)
2019-01-18 17:48:43,418 [main] INFO  o.s.c.s.PostProcessorRegistrationDelegate$BeanPostProcessorChecker 326 - Bean 'menuServiceImpl' of type [com.org.service.impl.MenuServiceImpl] is not eligible for getting processed by all BeanPostProcessors (for example: not eligible for auto-proxying)
2019-01-18 17:48:43,418 [main] INFO  o.s.c.s.PostProcessorRegistrationDelegate$BeanPostProcessorChecker 326 - Bean 'loginRealm' of type [com.org.security.LoginRealm] is not eligible for getting processed by all BeanPostProcessors (for example: not eligible for auto-proxying)
2019-01-18 17:48:43,646 [main] INFO  o.s.c.s.PostProcessorRegistrationDelegate$BeanPostProcessorChecker 326 - Bean 'getCacheManager' of type [org.apache.shiro.cache.ehcache.EhCacheManager] is not eligible for getting processed by all BeanPostProcessors (for example: not eligible for auto-proxying)
2019-01-18 17:48:43,647 [main] INFO  o.a.s.cache.ehcache.EhCacheManager 158 - Cache with name 'com.org.security.LoginRealm.authorizationCache' does not yet exist.  Creating now.
2019-01-18 17:48:43,662 [main] INFO  o.a.s.cache.ehcache.EhCacheManager 165 - Added EhCache named [com.org.security.LoginRealm.authorizationCache]
2019-01-18 17:48:43,672 [main] INFO  o.s.c.s.PostProcessorRegistrationDelegate$BeanPostProcessorChecker 326 - Bean 'defaultWebSessionManager' of type [org.apache.shiro.web.session.mgt.DefaultWebSessionManager] is not eligible for getting processed by all BeanPostProcessors (for example: not eligible for auto-proxying)
2019-01-18 17:48:43,680 [main] INFO  o.s.c.s.PostProcessorRegistrationDelegate$BeanPostProcessorChecker 326 - Bean 'securityManager' of type [org.apache.shiro.web.mgt.DefaultWebSecurityManager] is not eligible for getting processed by all BeanPostProcessors (for example: not eligible for auto-proxying)
2019-01-18 17:48:43,689 [main] INFO  o.s.c.s.PostProcessorRegistrationDelegate$BeanPostProcessorChecker 326 - Bean 'getPermissionFilter' of type [com.org.filter.PermissionFilter] is not eligible for getting processed by all BeanPostProcessors (for example: not eligible for auto-proxying)
2019-01-18 17:48:43,694 [main] INFO  o.s.c.s.PostProcessorRegistrationDelegate$BeanPostProcessorChecker 326 - Bean 'getVerfityCodeFilter' of type [com.org.filter.VerfityCodeFilter] is not eligible for getting processed by all BeanPostProcessors (for example: not eligible for auto-proxying)
2019-01-18 17:48:43,725 [main] INFO  o.s.c.s.PostProcessorRegistrationDelegate$BeanPostProcessorChecker 326 - Bean 'org.springframework.transaction.annotation.ProxyTransactionManagementConfiguration' of type [org.springframework.transaction.annotation.ProxyTransactionManagementConfiguration$$EnhancerBySpringCGLIB$$34c979b0] is not eligible for getting processed by all BeanPostProcessors (for example: not eligible for auto-proxying)
2019-01-18 17:48:43,737 [main] INFO  o.s.c.s.PostProcessorRegistrationDelegate$BeanPostProcessorChecker 326 - Bean 'getAuthorizationAttributeSourceAdvisor' of type [org.apache.shiro.spring.security.interceptor.AuthorizationAttributeSourceAdvisor] is not eligible for getting processed by all BeanPostProcessors (for example: not eligible for auto-proxying)
2019-01-18 17:48:44,064 [main] INFO  o.s.b.w.e.tomcat.TomcatWebServer 91 - Tomcat initialized with port(s): 80 (http)
2019-01-18 17:48:44,074 [main] INFO  o.a.coyote.http11.Http11NioProtocol 180 - Initializing ProtocolHandler ["http-nio-80"]
2019-01-18 17:48:44,094 [main] INFO  o.a.catalina.core.StandardService 180 - Starting service [Tomcat]
2019-01-18 17:48:44,094 [main] INFO  o.a.catalina.core.StandardEngine 180 - Starting Servlet Engine: Apache Tomcat/8.5.34
2019-01-18 17:48:44,098 [localhost-startStop-1] INFO  o.a.c.core.AprLifecycleListener 180 - The APR based Apache Tomcat Native library which allows optimal performance in production environments was not found on the java.library.path: [D:\Java\jdk1.8.0_152\bin;C:\Windows\Sun\Java\bin;C:\Windows\system32;C:\Windows;C:\ProgramData\Oracle\Java\javapath;C:\Windows\system32;C:\Windows;C:\Windows\System32\Wbem;C:\Windows\System32\WindowsPowerShell\v1.0\;D:\Java\jdk1.8.0_152\bin;D:\apache-maven-3.5.4\bin;D:\TortoiseGit\bin;D:\MySQL\MySQL Server 5.1\bin;D:\Java\jre1.8.0_152\bin;D:\apache-maven-3.5.4\bin;D:\Java\jdk1.8.0_152\bin;D:\Java\jdk1.8.0_152\jre\bin;D:\nodejs\;D:\gradle-4.4\bin;C:\Users\Administrator\AppData\Roaming\npm;C:\Users\Administrator\AppData\Local\GitHubDesktop\bin;.]
2019-01-18 17:48:44,179 [localhost-startStop-1] INFO  o.a.c.c.C.[Tomcat].[localhost].[/] 180 - Initializing Spring embedded WebApplicationContext
2019-01-18 17:48:44,180 [localhost-startStop-1] INFO  o.s.web.context.ContextLoader 285 - Root WebApplicationContext: initialization completed in 2241 ms
2019-01-18 17:48:44,275 [localhost-startStop-1] INFO  o.s.b.w.s.FilterRegistrationBean 245 - Mapping filter: 'characterEncodingFilter' to: [/*]
2019-01-18 17:48:44,276 [localhost-startStop-1] INFO  o.s.b.w.s.FilterRegistrationBean 245 - Mapping filter: 'hiddenHttpMethodFilter' to: [/*]
2019-01-18 17:48:44,276 [localhost-startStop-1] INFO  o.s.b.w.s.FilterRegistrationBean 245 - Mapping filter: 'httpPutFormContentFilter' to: [/*]
2019-01-18 17:48:44,276 [localhost-startStop-1] INFO  o.s.b.w.s.FilterRegistrationBean 245 - Mapping filter: 'requestContextFilter' to: [/*]
2019-01-18 17:48:44,276 [localhost-startStop-1] INFO  o.s.b.w.s.FilterRegistrationBean 258 - Mapping filter: 'delegatingFilterProxy' to urls: [/*]
2019-01-18 17:48:44,276 [localhost-startStop-1] INFO  o.s.b.w.s.FilterRegistrationBean 245 - Mapping filter: 'shiroFilter' to: [/*]
2019-01-18 17:48:44,276 [localhost-startStop-1] INFO  o.s.b.w.s.FilterRegistrationBean 245 - Mapping filter: 'getPermissionFilter' to: [/*]
2019-01-18 17:48:44,276 [localhost-startStop-1] INFO  o.s.b.w.s.FilterRegistrationBean 245 - Mapping filter: 'getVerfityCodeFilter' to: [/*]
2019-01-18 17:48:44,277 [localhost-startStop-1] INFO  o.s.b.w.s.ServletRegistrationBean 187 - Servlet statViewServlet mapped to [/druid/*]
2019-01-18 17:48:44,277 [localhost-startStop-1] INFO  o.s.b.w.s.ServletRegistrationBean 187 - Servlet dispatcherServlet mapped to [/]
2019-01-18 17:48:44,712 [main] INFO  o.s.w.s.m.m.a.RequestMappingHandlerMapping 549 - Mapped "{[/error/403],methods=[GET]}" onto public java.lang.String com.org.controller.ErrorController.NotFound(java.lang.String,org.springframework.ui.Model)
2019-01-18 17:48:44,713 [main] INFO  o.s.w.s.m.m.a.RequestMappingHandlerMapping 549 - Mapped "{[/error/404],methods=[GET]}" onto public java.lang.String com.org.controller.ErrorController.pageNotFound()
2019-01-18 17:48:44,715 [main] INFO  o.s.w.s.m.m.a.RequestMappingHandlerMapping 549 - Mapped "{[/main],methods=[GET]}" onto public java.lang.String com.org.controller.LoginController.main()
2019-01-18 17:48:44,715 [main] INFO  o.s.w.s.m.m.a.RequestMappingHandlerMapping 549 - Mapped "{[/logout],methods=[GET]}" onto public java.lang.String com.org.controller.LoginController.logout()
2019-01-18 17:48:44,715 [main] INFO  o.s.w.s.m.m.a.RequestMappingHandlerMapping 549 - Mapped "{[],methods=[GET]}" onto public java.lang.String com.org.controller.LoginController.loginInit()
2019-01-18 17:48:44,716 [main] INFO  o.s.w.s.m.m.a.RequestMappingHandlerMapping 549 - Mapped "{[/goLogin],methods=[GET]}" onto public java.lang.String com.org.controller.LoginController.goLogin(org.springframework.ui.Model,javax.servlet.ServletRequest)
2019-01-18 17:48:44,716 [main] INFO  o.s.w.s.m.m.a.RequestMappingHandlerMapping 549 - Mapped "{[/login],methods=[GET]}" onto public java.lang.String com.org.controller.LoginController.loginCheck()
2019-01-18 17:48:44,716 [main] INFO  o.s.w.s.m.m.a.RequestMappingHandlerMapping 549 - Mapped "{[/login],methods=[POST]}" onto public java.lang.String com.org.controller.LoginController.login(com.org.entity.User,org.springframework.ui.Model,java.lang.String,javax.servlet.http.HttpServletRequest)
2019-01-18 17:48:44,716 [main] INFO  o.s.w.s.m.m.a.RequestMappingHandlerMapping 549 - Mapped "{[/getCode],methods=[GET]}" onto public void com.org.controller.LoginController.getYzm(javax.servlet.http.HttpServletResponse,javax.servlet.http.HttpServletRequest)
2019-01-18 17:48:44,721 [main] INFO  o.s.w.s.m.m.a.RequestMappingHandlerMapping 549 - Mapped "{[/swagger-resources]}" onto public org.springframework.http.ResponseEntity<java.util.List<springfox.documentation.swagger.web.SwaggerResource>> springfox.documentation.swagger.web.ApiResourceController.swaggerResources()
2019-01-18 17:48:44,722 [main] INFO  o.s.w.s.m.m.a.RequestMappingHandlerMapping 549 - Mapped "{[/swagger-resources/configuration/ui]}" onto public org.springframework.http.ResponseEntity<springfox.documentation.swagger.web.UiConfiguration> springfox.documentation.swagger.web.ApiResourceController.uiConfiguration()
2019-01-18 17:48:44,723 [main] INFO  o.s.w.s.m.m.a.RequestMappingHandlerMapping 549 - Mapped "{[/swagger-resources/configuration/security]}" onto public org.springframework.http.ResponseEntity<springfox.documentation.swagger.web.SecurityConfiguration> springfox.documentation.swagger.web.ApiResourceController.securityConfiguration()
2019-01-18 17:48:44,725 [main] INFO  o.s.w.s.m.m.a.RequestMappingHandlerMapping 549 - Mapped "{[/error]}" onto public org.springframework.http.ResponseEntity<java.util.Map<java.lang.String, java.lang.Object>> org.springframework.boot.autoconfigure.web.servlet.error.BasicErrorController.error(javax.servlet.http.HttpServletRequest)
2019-01-18 17:48:44,726 [main] INFO  o.s.w.s.m.m.a.RequestMappingHandlerMapping 549 - Mapped "{[/error],produces=[text/html]}" onto public org.springframework.web.servlet.ModelAndView org.springframework.boot.autoconfigure.web.servlet.error.BasicErrorController.errorHtml(javax.servlet.http.HttpServletRequest,javax.servlet.http.HttpServletResponse)
2019-01-18 17:48:44,887 [main] INFO  s.d.s.w.PropertySourcedRequestMappingHandlerMapping 69 - Mapped URL path [/v2/api-docs] onto method [public org.springframework.http.ResponseEntity<springfox.documentation.spring.web.json.Json> springfox.documentation.swagger2.web.Swagger2Controller.getDocumentation(java.lang.String,javax.servlet.http.HttpServletRequest)]
2019-01-18 17:48:44,895 [main] INFO  com.org.config.Swagger2Config 49 - 加载Swagger2
2019-01-18 17:48:44,986 [main] INFO  o.s.w.s.h.SimpleUrlHandlerMapping 373 - Mapped URL path [/**/favicon.ico] onto handler of type [class org.springframework.web.servlet.resource.ResourceHttpRequestHandler]
2019-01-18 17:48:45,162 [main] INFO  o.s.w.s.m.m.a.RequestMappingHandlerAdapter 588 - Looking for @ControllerAdvice: org.springframework.boot.web.servlet.context.AnnotationConfigServletWebServerApplicationContext@6b98a075: startup date [Fri Jan 18 17:48:41 CST 2019]; root of context hierarchy
2019-01-18 17:48:45,215 [main] INFO  o.s.w.s.h.SimpleUrlHandlerMapping 373 - Mapped URL path [/webjars/**] onto handler of type [class org.springframework.web.servlet.resource.ResourceHttpRequestHandler]
2019-01-18 17:48:45,215 [main] INFO  o.s.w.s.h.SimpleUrlHandlerMapping 373 - Mapped URL path [/static/**] onto handler of type [class org.springframework.web.servlet.resource.ResourceHttpRequestHandler]
2019-01-18 17:48:45,411 [main] INFO  o.s.u.f.SpringTemplateLoader 62 - SpringTemplateLoader for FreeMarker: using resource loader [org.springframework.boot.web.servlet.context.AnnotationConfigServletWebServerApplicationContext@6b98a075: startup date [Fri Jan 18 17:48:41 CST 2019]; root of context hierarchy] and template loader path [classpath:/templates/]
2019-01-18 17:48:45,412 [main] INFO  o.s.w.s.v.f.FreeMarkerConfigurer 131 - ClassTemplateLoader for Spring macros added to FreeMarker configuration
2019-01-18 17:48:45,609 [main] INFO  o.s.j.e.a.AnnotationMBeanExporter 433 - Registering beans for JMX exposure on startup
2019-01-18 17:48:45,610 [main] INFO  o.s.j.e.a.AnnotationMBeanExporter 895 - Bean with name 'getDataSource' has been autodetected for JMX exposure
2019-01-18 17:48:45,616 [main] INFO  o.s.j.e.a.AnnotationMBeanExporter 668 - Located MBean 'getDataSource': registering with JMX server as MBean [com.alibaba.druid.pool:name=getDataSource,type=DruidDataSource]
2019-01-18 17:48:45,619 [main] INFO  o.s.c.s.DefaultLifecycleProcessor 356 - Starting beans in phase 2147483647
2019-01-18 17:48:45,620 [main] INFO  s.d.s.w.p.DocumentationPluginsBootstrapper 151 - Context refreshed
2019-01-18 17:48:45,634 [main] INFO  s.d.s.w.p.DocumentationPluginsBootstrapper 154 - Found 1 custom documentation plugin(s)
2019-01-18 17:48:45,663 [main] INFO  s.d.s.w.s.ApiListingReferenceScanner 41 - Scanning for api listing references
2019-01-18 17:48:45,756 [main] INFO  o.a.coyote.http11.Http11NioProtocol 180 - Starting ProtocolHandler ["http-nio-80"]
2019-01-18 17:48:45,764 [main] INFO  o.a.tomcat.util.net.NioSelectorPool 180 - Using a shared selector for servlet write/read
2019-01-18 17:48:45,776 [main] INFO  o.s.b.w.e.tomcat.TomcatWebServer 206 - Tomcat started on port(s): 80 (http) with context path ''
2019-01-18 17:48:45,780 [main] INFO  com.org.Chapter1Application 59 - Started Chapter1Application in 4.401 seconds (JVM running for 5.046)
2019-01-18 17:48:52,092 [http-nio-80-exec-1] INFO  o.a.tomcat.util.http.parser.Cookie 180 - A cookie header was received [1534488823; CNZZDATA1262754929=364103693-1523421499-%7C1536311267; Hm_lvt_4656e49e8efa9f2ad6868ea26fb8984c=1545014493; Hm_lvt_a029e6c6dddf427f4cbfb2b00d7d5311=1545730515; v_v-re-baidu=kCK2QEO/vJXOzxOInFR1zczYfDtZ7Veesm519eNIyLrsbmBq3Vc+9uVih/Q2Fyvr5e8jIjFoCbHJT+Fu214eYjppgVPb4Re0ICVrUttIXtBaJ4qwo1tv77+0Xo5wFU4yxlsczCmMeO3gEdSGe0Nk00FJGMiyWgAFJbve9G33cPH2DOsw3AFtK5rrbwNEh1Ko4G8w9JqyxU4he0W2Z8EBFhYXGNUFEUOmnY7B6yQPiSBS6P0U6wHZP3pghD/w8vHzzAfcT5fz/HkXdgPBlQnWhebRD2ctxcojLodYOO2s1M2uQFlO8hSEZN2CwVR+PK4zsLURE1j8ZKFB7qODvSWYbp9U/J8UNv6q8VDthdwNBFoOSfzz0s2hhQP+U8NQ6I3MbmbduhPMaOHsoWRhu9zm/hEyJrZrKF7Jynr3ghV8eSG0Um51ClCsoyDn87KZkqgIS/FmZxp2Fy/S2BCelxPQCWLUb0wOTBXLBjQS7SOo356FlVNinbspmPiJFpIEkNHO2V30EapHDP3wQQs8cm7AmvLiNMqIVg3QBRbhcnEeyz/4+2efjfGn+TZLsmJ4T9eMsPCz/CeXeaZmVxhASbHjxP5PTHUqo78XAX0cbUT32Axq1mLcxOcols0BFF+VVEZuIbS36dli55w+QKrB1aiyYDICpswGYrSZIaCEaPsh1r+/Ad6TY7fbp3royA03jSZOcq20VgMLhTB10h9dl5th6KZ4rayJzuhK+dZsAgAl3IzJ+zkF6HzXBWDrkwA/X8AFoPqZOXueiQuSJ6pVAzB5P3xp4jjyx/GUjYFf08eSkkC4LPKqn5cdtCS/MWlFGVH09BbfSAh6EeK/CJy3CW2w82GskIYg2rUwtnvq9XkgnQVVyo8xqCeKOFxUWDeoQ0Y2Q9glrECVpFUqE+NAsMTztPQHa2JTuhRs5zaJ6H4oEvmMRPnzl8bzxqLhwHz00pAMM/gDrlcHhzWkGJpiiq5q0g==; cookie_lang=1; JSESSIONID=37FCDB5D509DE242F6CD0DAD425E9E7D] that contained an invalid cookie. That cookie will be ignored.Note: further occurrences of this error will be logged at DEBUG level.
2019-01-18 17:48:52,101 [http-nio-80-exec-1] INFO  o.a.c.c.C.[Tomcat].[localhost].[/] 180 - Initializing Spring FrameworkServlet 'dispatcherServlet'
2019-01-18 17:48:52,101 [http-nio-80-exec-1] INFO  o.s.web.servlet.DispatcherServlet 494 - FrameworkServlet 'dispatcherServlet': initialization started
2019-01-18 17:48:52,125 [http-nio-80-exec-1] INFO  o.s.web.servlet.DispatcherServlet 509 - FrameworkServlet 'dispatcherServlet': initialization completed in 23 ms
2019-01-18 17:48:52,142 [http-nio-80-exec-1] INFO  o.a.s.s.m.AbstractValidatingSessionManager 233 - Enabling session validation scheduler...
2019-01-18 17:50:18,495 [main] INFO  com.org.Chapter1Application 50 - Starting Chapter1Application on PC-20180306KUXE with PID 36464 (D:\MyIdeaProject\chapter1\target\classes started by Administrator in D:\MyIdeaProject\chapter1)
2019-01-18 17:50:18,497 [main] INFO  com.org.Chapter1Application 654 - No active profile set, falling back to default profiles: default
2019-01-18 17:50:18,526 [main] INFO  o.s.b.w.s.c.AnnotationConfigServletWebServerApplicationContext 588 - Refreshing org.springframework.boot.web.servlet.context.AnnotationConfigServletWebServerApplicationContext@3d9f6567: startup date [Fri Jan 18 17:50:18 CST 2019]; root of context hierarchy
2019-01-18 17:50:19,004 [main] INFO  o.s.b.f.s.DefaultListableBeanFactory 821 - Overriding bean definition for bean 'loginRealm' with a different definition: replacing [Generic bean: class [com.org.security.LoginRealm]; scope=singleton; abstract=false; lazyInit=false; autowireMode=0; dependencyCheck=0; autowireCandidate=true; primary=false; factoryBeanName=null; factoryMethodName=null; initMethodName=null; destroyMethodName=null; defined in file [D:\MyIdeaProject\chapter1\target\classes\com\org\security\LoginRealm.class]] with [Root bean: class [null]; scope=; abstract=false; lazyInit=false; autowireMode=3; dependencyCheck=0; autowireCandidate=true; primary=false; factoryBeanName=shiroConfig; factoryMethodName=getLoginRealm; initMethodName=null; destroyMethodName=(inferred); defined in class path resource [com/org/config/ShiroConfig.class]]
2019-01-18 17:50:19,321 [main] INFO  o.s.c.s.PostProcessorRegistrationDelegate$BeanPostProcessorChecker 326 - Bean 'shiroConfig' of type [com.org.config.ShiroConfig$$EnhancerBySpringCGLIB$$d7f9608d] is not eligible for getting processed by all BeanPostProcessors (for example: not eligible for auto-proxying)
2019-01-18 17:50:19,384 [main] INFO  o.s.c.s.PostProcessorRegistrationDelegate$BeanPostProcessorChecker 326 - Bean 'getRetryLimitCredentialsMatcher' of type [com.org.security.RetryLimitCredentialsMatcher] is not eligible for getting processed by all BeanPostProcessors (for example: not eligible for auto-proxying)
2019-01-18 17:50:19,421 [main] INFO  o.s.c.s.PostProcessorRegistrationDelegate$BeanPostProcessorChecker 326 - Bean 'org.springframework.boot.context.properties.ConversionServiceDeducer$Factory' of type [org.springframework.boot.context.properties.ConversionServiceDeducer$Factory] is not eligible for getting processed by all BeanPostProcessors (for example: not eligible for auto-proxying)
2019-01-18 17:50:19,478 [main] INFO  o.s.c.s.PostProcessorRegistrationDelegate$BeanPostProcessorChecker 326 - Bean 'mybatis-plus-com.baomidou.mybatisplus.spring.boot.starter.MybatisPlusProperties' of type [com.baomidou.mybatisplus.spring.boot.starter.MybatisPlusProperties] is not eligible for getting processed by all BeanPostProcessors (for example: not eligible for auto-proxying)
2019-01-18 17:50:19,484 [main] INFO  o.s.c.s.PostProcessorRegistrationDelegate$BeanPostProcessorChecker 326 - Bean 'mybatisPlusConfig' of type [com.org.config.MybatisPlusConfig$$EnhancerBySpringCGLIB$$dc1c1ee9] is not eligible for getting processed by all BeanPostProcessors (for example: not eligible for auto-proxying)
2019-01-18 17:50:19,495 [main] INFO  o.s.c.s.PostProcessorRegistrationDelegate$BeanPostProcessorChecker 326 - Bean 'paginationInterceptor' of type [com.baomidou.mybatisplus.plugins.PaginationInterceptor] is not eligible for getting processed by all BeanPostProcessors (for example: not eligible for auto-proxying)
2019-01-18 17:50:19,501 [main] INFO  o.s.c.s.PostProcessorRegistrationDelegate$BeanPostProcessorChecker 326 - Bean 'com.baomidou.mybatisplus.spring.boot.starter.MybatisPlusAutoConfiguration' of type [com.baomidou.mybatisplus.spring.boot.starter.MybatisPlusAutoConfiguration$$EnhancerBySpringCGLIB$$fed2a7a7] is not eligible for getting processed by all BeanPostProcessors (for example: not eligible for auto-proxying)
2019-01-18 17:50:19,507 [main] INFO  o.s.c.s.PostProcessorRegistrationDelegate$BeanPostProcessorChecker 326 - Bean 'druidConfig' of type [com.org.config.DruidConfig$$EnhancerBySpringCGLIB$$2c9fc3fe] is not eligible for getting processed by all BeanPostProcessors (for example: not eligible for auto-proxying)
2019-01-18 17:50:19,549 [main] INFO  o.s.c.s.PostProcessorRegistrationDelegate$BeanPostProcessorChecker 326 - Bean 'getDataSource' of type [com.alibaba.druid.pool.DruidDataSource] is not eligible for getting processed by all BeanPostProcessors (for example: not eligible for auto-proxying)
2019-01-18 17:50:19,718 [main] INFO  c.alibaba.druid.pool.DruidDataSource 914 - {dataSource-1} inited
2019-01-18 17:50:19,916 [main] WARN  c.b.m.toolkit.TableInfoHelper 188 - Warn: Could not find @TableId in Class: com.org.entity.RoleMenu.
2019-01-18 17:50:19,916 [main] WARN  c.b.m.mapper.AutoSqlInjector 147 - class com.org.entity.RoleMenu ,Not found @TableId annotation, Cannot use Mybatis-Plus 'xxById' Method.
2019-01-18 17:50:19,948 [main] WARN  c.b.m.toolkit.TableInfoHelper 188 - Warn: Could not find @TableId in Class: com.org.entity.UserRole.
2019-01-18 17:50:19,949 [main] WARN  c.b.m.mapper.AutoSqlInjector 147 - class com.org.entity.UserRole ,Not found @TableId annotation, Cannot use Mybatis-Plus 'xxById' Method.
2019-01-18 17:50:19,959 [main] INFO  o.s.c.s.PostProcessorRegistrationDelegate$BeanPostProcessorChecker 326 - Bean 'sqlSessionFactory' of type [org.apache.ibatis.session.defaults.DefaultSqlSessionFactory] is not eligible for getting processed by all BeanPostProcessors (for example: not eligible for auto-proxying)
2019-01-18 17:50:19,965 [main] INFO  o.s.c.s.PostProcessorRegistrationDelegate$BeanPostProcessorChecker 326 - Bean 'sqlSessionTemplate' of type [org.mybatis.spring.SqlSessionTemplate] is not eligible for getting processed by all BeanPostProcessors (for example: not eligible for auto-proxying)
2019-01-18 17:50:19,965 [main] INFO  o.s.c.s.PostProcessorRegistrationDelegate$BeanPostProcessorChecker 326 - Bean 'userMapper' of type [org.mybatis.spring.mapper.MapperFactoryBean] is not eligible for getting processed by all BeanPostProcessors (for example: not eligible for auto-proxying)
2019-01-18 17:50:19,967 [main] INFO  o.s.c.s.PostProcessorRegistrationDelegate$BeanPostProcessorChecker 326 - Bean 'userMapper' of type [com.sun.proxy.$Proxy70] is not eligible for getting processed by all BeanPostProcessors (for example: not eligible for auto-proxying)
2019-01-18 17:50:19,967 [main] INFO  o.s.c.s.PostProcessorRegistrationDelegate$BeanPostProcessorChecker 326 - Bean 'userServiceImpl' of type [com.org.service.impl.UserServiceImpl] is not eligible for getting processed by all BeanPostProcessors (for example: not eligible for auto-proxying)
2019-01-18 17:50:19,978 [main] INFO  o.s.c.s.PostProcessorRegistrationDelegate$BeanPostProcessorChecker 326 - Bean 'menuMapper' of type [org.mybatis.spring.mapper.MapperFactoryBean] is not eligible for getting processed by all BeanPostProcessors (for example: not eligible for auto-proxying)
2019-01-18 17:50:19,980 [main] INFO  o.s.c.s.PostProcessorRegistrationDelegate$BeanPostProcessorChecker 326 - Bean 'menuMapper' of type [com.sun.proxy.$Proxy71] is not eligible for getting processed by all BeanPostProcessors (for example: not eligible for auto-proxying)
2019-01-18 17:50:19,981 [main] INFO  o.s.c.s.PostProcessorRegistrationDelegate$BeanPostProcessorChecker 326 - Bean 'menuServiceImpl' of type [com.org.service.impl.MenuServiceImpl] is not eligible for getting processed by all BeanPostProcessors (for example: not eligible for auto-proxying)
2019-01-18 17:50:19,981 [main] INFO  o.s.c.s.PostProcessorRegistrationDelegate$BeanPostProcessorChecker 326 - Bean 'loginRealm' of type [com.org.security.LoginRealm] is not eligible for getting processed by all BeanPostProcessors (for example: not eligible for auto-proxying)
2019-01-18 17:50:20,195 [main] INFO  o.s.c.s.PostProcessorRegistrationDelegate$BeanPostProcessorChecker 326 - Bean 'getCacheManager' of type [org.apache.shiro.cache.ehcache.EhCacheManager] is not eligible for getting processed by all BeanPostProcessors (for example: not eligible for auto-proxying)
2019-01-18 17:50:20,196 [main] INFO  o.a.s.cache.ehcache.EhCacheManager 158 - Cache with name 'com.org.security.LoginRealm.authorizationCache' does not yet exist.  Creating now.
2019-01-18 17:50:20,212 [main] INFO  o.a.s.cache.ehcache.EhCacheManager 165 - Added EhCache named [com.org.security.LoginRealm.authorizationCache]
2019-01-18 17:50:20,223 [main] INFO  o.s.c.s.PostProcessorRegistrationDelegate$BeanPostProcessorChecker 326 - Bean 'defaultWebSessionManager' of type [org.apache.shiro.web.session.mgt.DefaultWebSessionManager] is not eligible for getting processed by all BeanPostProcessors (for example: not eligible for auto-proxying)
2019-01-18 17:50:20,230 [main] INFO  o.s.c.s.PostProcessorRegistrationDelegate$BeanPostProcessorChecker 326 - Bean 'securityManager' of type [org.apache.shiro.web.mgt.DefaultWebSecurityManager] is not eligible for getting processed by all BeanPostProcessors (for example: not eligible for auto-proxying)
2019-01-18 17:50:20,239 [main] INFO  o.s.c.s.PostProcessorRegistrationDelegate$BeanPostProcessorChecker 326 - Bean 'getPermissionFilter' of type [com.org.filter.PermissionFilter] is not eligible for getting processed by all BeanPostProcessors (for example: not eligible for auto-proxying)
2019-01-18 17:50:20,244 [main] INFO  o.s.c.s.PostProcessorRegistrationDelegate$BeanPostProcessorChecker 326 - Bean 'getVerfityCodeFilter' of type [com.org.filter.VerfityCodeFilter] is not eligible for getting processed by all BeanPostProcessors (for example: not eligible for auto-proxying)
2019-01-18 17:50:20,276 [main] INFO  o.s.c.s.PostProcessorRegistrationDelegate$BeanPostProcessorChecker 326 - Bean 'org.springframework.transaction.annotation.ProxyTransactionManagementConfiguration' of type [org.springframework.transaction.annotation.ProxyTransactionManagementConfiguration$$EnhancerBySpringCGLIB$$b133094a] is not eligible for getting processed by all BeanPostProcessors (for example: not eligible for auto-proxying)
2019-01-18 17:50:20,288 [main] INFO  o.s.c.s.PostProcessorRegistrationDelegate$BeanPostProcessorChecker 326 - Bean 'getAuthorizationAttributeSourceAdvisor' of type [org.apache.shiro.spring.security.interceptor.AuthorizationAttributeSourceAdvisor] is not eligible for getting processed by all BeanPostProcessors (for example: not eligible for auto-proxying)
2019-01-18 17:50:20,610 [main] INFO  o.s.b.w.e.tomcat.TomcatWebServer 91 - Tomcat initialized with port(s): 80 (http)
2019-01-18 17:50:20,620 [main] INFO  o.a.coyote.http11.Http11NioProtocol 180 - Initializing ProtocolHandler ["http-nio-80"]
2019-01-18 17:50:20,628 [main] INFO  o.a.catalina.core.StandardService 180 - Starting service [Tomcat]
2019-01-18 17:50:20,628 [main] INFO  o.a.catalina.core.StandardEngine 180 - Starting Servlet Engine: Apache Tomcat/8.5.34
2019-01-18 17:50:20,631 [localhost-startStop-1] INFO  o.a.c.core.AprLifecycleListener 180 - The APR based Apache Tomcat Native library which allows optimal performance in production environments was not found on the java.library.path: [D:\Java\jdk1.8.0_152\bin;C:\Windows\Sun\Java\bin;C:\Windows\system32;C:\Windows;C:\ProgramData\Oracle\Java\javapath;C:\Windows\system32;C:\Windows;C:\Windows\System32\Wbem;C:\Windows\System32\WindowsPowerShell\v1.0\;D:\Java\jdk1.8.0_152\bin;D:\apache-maven-3.5.4\bin;D:\TortoiseGit\bin;D:\MySQL\MySQL Server 5.1\bin;D:\Java\jre1.8.0_152\bin;D:\apache-maven-3.5.4\bin;D:\Java\jdk1.8.0_152\bin;D:\Java\jdk1.8.0_152\jre\bin;D:\nodejs\;D:\gradle-4.4\bin;C:\Users\Administrator\AppData\Roaming\npm;C:\Users\Administrator\AppData\Local\GitHubDesktop\bin;.]
2019-01-18 17:50:20,712 [localhost-startStop-1] INFO  o.a.c.c.C.[Tomcat].[localhost].[/] 180 - Initializing Spring embedded WebApplicationContext
2019-01-18 17:50:20,712 [localhost-startStop-1] INFO  o.s.web.context.ContextLoader 285 - Root WebApplicationContext: initialization completed in 2186 ms
2019-01-18 17:50:20,807 [localhost-startStop-1] INFO  o.s.b.w.s.FilterRegistrationBean 245 - Mapping filter: 'characterEncodingFilter' to: [/*]
2019-01-18 17:50:20,807 [localhost-startStop-1] INFO  o.s.b.w.s.FilterRegistrationBean 245 - Mapping filter: 'hiddenHttpMethodFilter' to: [/*]
2019-01-18 17:50:20,807 [localhost-startStop-1] INFO  o.s.b.w.s.FilterRegistrationBean 245 - Mapping filter: 'httpPutFormContentFilter' to: [/*]
2019-01-18 17:50:20,808 [localhost-startStop-1] INFO  o.s.b.w.s.FilterRegistrationBean 245 - Mapping filter: 'requestContextFilter' to: [/*]
2019-01-18 17:50:20,808 [localhost-startStop-1] INFO  o.s.b.w.s.FilterRegistrationBean 258 - Mapping filter: 'delegatingFilterProxy' to urls: [/*]
2019-01-18 17:50:20,808 [localhost-startStop-1] INFO  o.s.b.w.s.FilterRegistrationBean 245 - Mapping filter: 'shiroFilter' to: [/*]
2019-01-18 17:50:20,808 [localhost-startStop-1] INFO  o.s.b.w.s.FilterRegistrationBean 245 - Mapping filter: 'getPermissionFilter' to: [/*]
2019-01-18 17:50:20,808 [localhost-startStop-1] INFO  o.s.b.w.s.FilterRegistrationBean 245 - Mapping filter: 'getVerfityCodeFilter' to: [/*]
2019-01-18 17:50:20,808 [localhost-startStop-1] INFO  o.s.b.w.s.ServletRegistrationBean 187 - Servlet statViewServlet mapped to [/druid/*]
2019-01-18 17:50:20,809 [localhost-startStop-1] INFO  o.s.b.w.s.ServletRegistrationBean 187 - Servlet dispatcherServlet mapped to [/]
2019-01-18 17:50:21,235 [main] INFO  o.s.w.s.m.m.a.RequestMappingHandlerMapping 549 - Mapped "{[/error/403],methods=[GET]}" onto public java.lang.String com.org.controller.ErrorController.NotFound(java.lang.String,org.springframework.ui.Model)
2019-01-18 17:50:21,236 [main] INFO  o.s.w.s.m.m.a.RequestMappingHandlerMapping 549 - Mapped "{[/error/404],methods=[GET]}" onto public java.lang.String com.org.controller.ErrorController.pageNotFound()
2019-01-18 17:50:21,238 [main] INFO  o.s.w.s.m.m.a.RequestMappingHandlerMapping 549 - Mapped "{[/main],methods=[GET]}" onto public java.lang.String com.org.controller.LoginController.main()
2019-01-18 17:50:21,239 [main] INFO  o.s.w.s.m.m.a.RequestMappingHandlerMapping 549 - Mapped "{[/logout],methods=[GET]}" onto public java.lang.String com.org.controller.LoginController.logout()
2019-01-18 17:50:21,239 [main] INFO  o.s.w.s.m.m.a.RequestMappingHandlerMapping 549 - Mapped "{[],methods=[GET]}" onto public java.lang.String com.org.controller.LoginController.loginInit()
2019-01-18 17:50:21,239 [main] INFO  o.s.w.s.m.m.a.RequestMappingHandlerMapping 549 - Mapped "{[/goLogin],methods=[GET]}" onto public java.lang.String com.org.controller.LoginController.goLogin(org.springframework.ui.Model,javax.servlet.ServletRequest)
2019-01-18 17:50:21,239 [main] INFO  o.s.w.s.m.m.a.RequestMappingHandlerMapping 549 - Mapped "{[/login],methods=[GET]}" onto public java.lang.String com.org.controller.LoginController.loginCheck()
2019-01-18 17:50:21,239 [main] INFO  o.s.w.s.m.m.a.RequestMappingHandlerMapping 549 - Mapped "{[/login],methods=[POST]}" onto public java.lang.String com.org.controller.LoginController.login(com.org.entity.User,org.springframework.ui.Model,java.lang.String,javax.servlet.http.HttpServletRequest)
2019-01-18 17:50:21,240 [main] INFO  o.s.w.s.m.m.a.RequestMappingHandlerMapping 549 - Mapped "{[/getCode],methods=[GET]}" onto public void com.org.controller.LoginController.getYzm(javax.servlet.http.HttpServletResponse,javax.servlet.http.HttpServletRequest)
2019-01-18 17:50:21,244 [main] INFO  o.s.w.s.m.m.a.RequestMappingHandlerMapping 549 - Mapped "{[/swagger-resources/configuration/security]}" onto public org.springframework.http.ResponseEntity<springfox.documentation.swagger.web.SecurityConfiguration> springfox.documentation.swagger.web.ApiResourceController.securityConfiguration()
2019-01-18 17:50:21,245 [main] INFO  o.s.w.s.m.m.a.RequestMappingHandlerMapping 549 - Mapped "{[/swagger-resources]}" onto public org.springframework.http.ResponseEntity<java.util.List<springfox.documentation.swagger.web.SwaggerResource>> springfox.documentation.swagger.web.ApiResourceController.swaggerResources()
2019-01-18 17:50:21,246 [main] INFO  o.s.w.s.m.m.a.RequestMappingHandlerMapping 549 - Mapped "{[/swagger-resources/configuration/ui]}" onto public org.springframework.http.ResponseEntity<springfox.documentation.swagger.web.UiConfiguration> springfox.documentation.swagger.web.ApiResourceController.uiConfiguration()
2019-01-18 17:50:21,248 [main] INFO  o.s.w.s.m.m.a.RequestMappingHandlerMapping 549 - Mapped "{[/error]}" onto public org.springframework.http.ResponseEntity<java.util.Map<java.lang.String, java.lang.Object>> org.springframework.boot.autoconfigure.web.servlet.error.BasicErrorController.error(javax.servlet.http.HttpServletRequest)
2019-01-18 17:50:21,249 [main] INFO  o.s.w.s.m.m.a.RequestMappingHandlerMapping 549 - Mapped "{[/error],produces=[text/html]}" onto public org.springframework.web.servlet.ModelAndView org.springframework.boot.autoconfigure.web.servlet.error.BasicErrorController.errorHtml(javax.servlet.http.HttpServletRequest,javax.servlet.http.HttpServletResponse)
2019-01-18 17:50:21,398 [main] INFO  s.d.s.w.PropertySourcedRequestMappingHandlerMapping 69 - Mapped URL path [/v2/api-docs] onto method [public org.springframework.http.ResponseEntity<springfox.documentation.spring.web.json.Json> springfox.documentation.swagger2.web.Swagger2Controller.getDocumentation(java.lang.String,javax.servlet.http.HttpServletRequest)]
2019-01-18 17:50:21,406 [main] INFO  com.org.config.Swagger2Config 49 - 加载Swagger2
2019-01-18 17:50:21,494 [main] INFO  o.s.w.s.h.SimpleUrlHandlerMapping 373 - Mapped URL path [/**/favicon.ico] onto handler of type [class org.springframework.web.servlet.resource.ResourceHttpRequestHandler]
2019-01-18 17:50:21,654 [main] INFO  o.s.w.s.m.m.a.RequestMappingHandlerAdapter 588 - Looking for @ControllerAdvice: org.springframework.boot.web.servlet.context.AnnotationConfigServletWebServerApplicationContext@3d9f6567: startup date [Fri Jan 18 17:50:18 CST 2019]; root of context hierarchy
2019-01-18 17:50:21,704 [main] INFO  o.s.w.s.h.SimpleUrlHandlerMapping 373 - Mapped URL path [/webjars/**] onto handler of type [class org.springframework.web.servlet.resource.ResourceHttpRequestHandler]
2019-01-18 17:50:21,704 [main] INFO  o.s.w.s.h.SimpleUrlHandlerMapping 373 - Mapped URL path [/static/**] onto handler of type [class org.springframework.web.servlet.resource.ResourceHttpRequestHandler]
2019-01-18 17:50:21,905 [main] INFO  o.s.u.f.SpringTemplateLoader 62 - SpringTemplateLoader for FreeMarker: using resource loader [org.springframework.boot.web.servlet.context.AnnotationConfigServletWebServerApplicationContext@3d9f6567: startup date [Fri Jan 18 17:50:18 CST 2019]; root of context hierarchy] and template loader path [classpath:/templates/]
2019-01-18 17:50:21,906 [main] INFO  o.s.w.s.v.f.FreeMarkerConfigurer 131 - ClassTemplateLoader for Spring macros added to FreeMarker configuration
2019-01-18 17:50:22,118 [main] INFO  o.s.j.e.a.AnnotationMBeanExporter 433 - Registering beans for JMX exposure on startup
2019-01-18 17:50:22,119 [main] INFO  o.s.j.e.a.AnnotationMBeanExporter 895 - Bean with name 'getDataSource' has been autodetected for JMX exposure
2019-01-18 17:50:22,125 [main] INFO  o.s.j.e.a.AnnotationMBeanExporter 668 - Located MBean 'getDataSource': registering with JMX server as MBean [com.alibaba.druid.pool:name=getDataSource,type=DruidDataSource]
2019-01-18 17:50:22,128 [main] INFO  o.s.c.s.DefaultLifecycleProcessor 356 - Starting beans in phase 2147483647
2019-01-18 17:50:22,129 [main] INFO  s.d.s.w.p.DocumentationPluginsBootstrapper 151 - Context refreshed
2019-01-18 17:50:22,143 [main] INFO  s.d.s.w.p.DocumentationPluginsBootstrapper 154 - Found 1 custom documentation plugin(s)
2019-01-18 17:50:22,172 [main] INFO  s.d.s.w.s.ApiListingReferenceScanner 41 - Scanning for api listing references
2019-01-18 17:50:22,250 [main] INFO  o.a.coyote.http11.Http11NioProtocol 180 - Starting ProtocolHandler ["http-nio-80"]
2019-01-18 17:50:22,258 [main] INFO  o.a.tomcat.util.net.NioSelectorPool 180 - Using a shared selector for servlet write/read
2019-01-18 17:50:22,270 [main] INFO  o.s.b.w.e.tomcat.TomcatWebServer 206 - Tomcat started on port(s): 80 (http) with context path ''
2019-01-18 17:50:22,273 [main] INFO  com.org.Chapter1Application 59 - Started Chapter1Application in 4.362 seconds (JVM running for 5.341)
2019-01-18 17:50:25,139 [http-nio-80-exec-1] INFO  o.a.tomcat.util.http.parser.Cookie 180 - A cookie header was received [1534488823; CNZZDATA1262754929=364103693-1523421499-%7C1536311267; Hm_lvt_4656e49e8efa9f2ad6868ea26fb8984c=1545014493; Hm_lvt_a029e6c6dddf427f4cbfb2b00d7d5311=1545730515; v_v-re-baidu=kCK2QEO/vJXOzxOInFR1zczYfDtZ7Veesm519eNIyLrsbmBq3Vc+9uVih/Q2Fyvr5e8jIjFoCbHJT+Fu214eYjppgVPb4Re0ICVrUttIXtBaJ4qwo1tv77+0Xo5wFU4yxlsczCmMeO3gEdSGe0Nk00FJGMiyWgAFJbve9G33cPH2DOsw3AFtK5rrbwNEh1Ko4G8w9JqyxU4he0W2Z8EBFhYXGNUFEUOmnY7B6yQPiSBS6P0U6wHZP3pghD/w8vHzzAfcT5fz/HkXdgPBlQnWhebRD2ctxcojLodYOO2s1M2uQFlO8hSEZN2CwVR+PK4zsLURE1j8ZKFB7qODvSWYbp9U/J8UNv6q8VDthdwNBFoOSfzz0s2hhQP+U8NQ6I3MbmbduhPMaOHsoWRhu9zm/hEyJrZrKF7Jynr3ghV8eSG0Um51ClCsoyDn87KZkqgIS/FmZxp2Fy/S2BCelxPQCWLUb0wOTBXLBjQS7SOo356FlVNinbspmPiJFpIEkNHO2V30EapHDP3wQQs8cm7AmvLiNMqIVg3QBRbhcnEeyz/4+2efjfGn+TZLsmJ4T9eMsPCz/CeXeaZmVxhASbHjxP5PTHUqo78XAX0cbUT32Axq1mLcxOcols0BFF+VVEZuIbS36dli55w+QKrB1aiyYDICpswGYrSZIaCEaPsh1r+/Ad6TY7fbp3royA03jSZOcq20VgMLhTB10h9dl5th6KZ4rayJzuhK+dZsAgAl3IzJ+zkF6HzXBWDrkwA/X8AFoPqZOXueiQuSJ6pVAzB5P3xp4jjyx/GUjYFf08eSkkC4LPKqn5cdtCS/MWlFGVH09BbfSAh6EeK/CJy3CW2w82GskIYg2rUwtnvq9XkgnQVVyo8xqCeKOFxUWDeoQ0Y2Q9glrECVpFUqE+NAsMTztPQHa2JTuhRs5zaJ6H4oEvmMRPnzl8bzxqLhwHz00pAMM/gDrlcHhzWkGJpiiq5q0g==; cookie_lang=1; JSESSIONID=99e6f0f0-930b-443e-9181-646afc1b92b2] that contained an invalid cookie. That cookie will be ignored.Note: further occurrences of this error will be logged at DEBUG level.
2019-01-18 17:50:25,144 [http-nio-80-exec-1] INFO  o.a.c.c.C.[Tomcat].[localhost].[/] 180 - Initializing Spring FrameworkServlet 'dispatcherServlet'
2019-01-18 17:50:25,144 [http-nio-80-exec-1] INFO  o.s.web.servlet.DispatcherServlet 494 - FrameworkServlet 'dispatcherServlet': initialization started
2019-01-18 17:50:25,163 [http-nio-80-exec-1] INFO  o.s.web.servlet.DispatcherServlet 509 - FrameworkServlet 'dispatcherServlet': initialization completed in 19 ms
2019-01-18 17:50:25,175 [http-nio-80-exec-1] INFO  o.a.s.s.m.AbstractValidatingSessionManager 233 - Enabling session validation scheduler...
2019-01-18 17:50:25,273 [http-nio-80-exec-5] WARN  o.s.web.servlet.PageNotFound 1205 - No mapping found for HTTP request with URI [/plugin/jquery/jquery-3.2.1.min.js] in DispatcherServlet with name 'dispatcherServlet'
2019-01-18 17:50:25,273 [http-nio-80-exec-4] WARN  o.s.web.servlet.PageNotFound 1205 - No mapping found for HTTP request with URI [/plugin/x-admin/css/xadmin.css] in DispatcherServlet with name 'dispatcherServlet'
2019-01-18 17:50:25,273 [http-nio-80-exec-6] WARN  o.s.web.servlet.PageNotFound 1205 - No mapping found for HTTP request with URI [/plugin/layui/layui.all.js] in DispatcherServlet with name 'dispatcherServlet'
2019-01-18 17:50:25,274 [http-nio-80-exec-3] WARN  o.s.web.servlet.PageNotFound 1205 - No mapping found for HTTP request with URI [/plugin/x-admin/css/font.css] in DispatcherServlet with name 'dispatcherServlet'
2019-01-18 17:50:25,275 [http-nio-80-exec-2] WARN  o.s.web.servlet.PageNotFound 1205 - No mapping found for HTTP request with URI [/plugin/layui/css/layui.css] in DispatcherServlet with name 'dispatcherServlet'
2019-01-18 17:50:25,444 [http-nio-80-exec-7] WARN  o.s.web.servlet.PageNotFound 1205 - No mapping found for HTTP request with URI [/plugin/jquery/jquery-3.2.1.min.js] in DispatcherServlet with name 'dispatcherServlet'
